<?xml version="1.0" encoding="UTF-8"?>
<!-- Generated by org.testng.reporters.JUnitReportReporter -->
<testsuite hostname="DESKTOP-NOIDJ9F" failures="0" tests="1" name="com.hospiol.Testcases.prftest" time="4.737" errors="0" timestamp="2023-10-09T06:35:54 IST" skipped="0">
  <testcase classname="com.hospiol.Testcases.prftest" name="verifylogin" time="4.737"/>
  <system-out/>
</testsuite> <!-- com.hospiol.Testcases.prftest -->
